Start testing: Aug 05 14:40 CEST
----------------------------------------------------------
1/25 Testing: TetrisGuiTest.WindowCreation
1/25 Test: TetrisGuiTest.WindowCreation
Command: "/home/kerciu/Desktop/tetris-cpp/build/RunTests" "--gtest_filter=TetrisGuiTest.WindowCreation" "--gtest_also_run_disabled_tests"
Directory: /home/kerciu/Desktop/tetris-cpp/build
"TetrisGuiTest.WindowCreation" start time: Aug 05 14:40 CEST
Output:
----------------------------------------------------------
Note: Google Test filter = TetrisGuiTest.WindowCreation
[==========] Running 1 test from 1 test suite.
[----------] Global test environment set-up.
[----------] 1 test from TetrisGuiTest
[ RUN      ] TetrisGuiTest.WindowCreation
[       OK ] TetrisGuiTest.WindowCreation (114 ms)
[----------] 1 test from TetrisGuiTest (114 ms total)

[----------] Global test environment tear-down
[==========] 1 test from 1 test suite ran. (114 ms total)
[  PASSED  ] 1 test.
<end of output>
Test time =   0.14 sec
----------------------------------------------------------
Test Passed.
"TetrisGuiTest.WindowCreation" end time: Aug 05 14:40 CEST
"TetrisGuiTest.WindowCreation" time elapsed: 00:00:00
----------------------------------------------------------

2/25 Testing: TetrisGuiTest.WindowClose
2/25 Test: TetrisGuiTest.WindowClose
Command: "/home/kerciu/Desktop/tetris-cpp/build/RunTests" "--gtest_filter=TetrisGuiTest.WindowClose" "--gtest_also_run_disabled_tests"
Directory: /home/kerciu/Desktop/tetris-cpp/build
"TetrisGuiTest.WindowClose" start time: Aug 05 14:40 CEST
Output:
----------------------------------------------------------
Note: Google Test filter = TetrisGuiTest.WindowClose
[==========] Running 1 test from 1 test suite.
[----------] Global test environment set-up.
[----------] 1 test from TetrisGuiTest
[ RUN      ] TetrisGuiTest.WindowClose
[       OK ] TetrisGuiTest.WindowClose (113 ms)
[----------] 1 test from TetrisGuiTest (114 ms total)

[----------] Global test environment tear-down
[==========] 1 test from 1 test suite ran. (114 ms total)
[  PASSED  ] 1 test.
<end of output>
Test time =   0.15 sec
----------------------------------------------------------
Test Passed.
"TetrisGuiTest.WindowClose" end time: Aug 05 14:40 CEST
"TetrisGuiTest.WindowClose" time elapsed: 00:00:00
----------------------------------------------------------

3/25 Testing: TetrisGuiTest.CoordsCreation
3/25 Test: TetrisGuiTest.CoordsCreation
Command: "/home/kerciu/Desktop/tetris-cpp/build/RunTests" "--gtest_filter=TetrisGuiTest.CoordsCreation" "--gtest_also_run_disabled_tests"
Directory: /home/kerciu/Desktop/tetris-cpp/build
"TetrisGuiTest.CoordsCreation" start time: Aug 05 14:40 CEST
Output:
----------------------------------------------------------
Note: Google Test filter = TetrisGuiTest.CoordsCreation
[==========] Running 1 test from 1 test suite.
[----------] Global test environment set-up.
[----------] 1 test from TetrisGuiTest
[ RUN      ] TetrisGuiTest.CoordsCreation
[       OK ] TetrisGuiTest.CoordsCreation (120 ms)
[----------] 1 test from TetrisGuiTest (120 ms total)

[----------] Global test environment tear-down
[==========] 1 test from 1 test suite ran. (120 ms total)
[  PASSED  ] 1 test.
<end of output>
Test time =   0.14 sec
----------------------------------------------------------
Test Passed.
"TetrisGuiTest.CoordsCreation" end time: Aug 05 14:40 CEST
"TetrisGuiTest.CoordsCreation" time elapsed: 00:00:00
----------------------------------------------------------

4/25 Testing: TetrisGuiTest.CoordsGetters
4/25 Test: TetrisGuiTest.CoordsGetters
Command: "/home/kerciu/Desktop/tetris-cpp/build/RunTests" "--gtest_filter=TetrisGuiTest.CoordsGetters" "--gtest_also_run_disabled_tests"
Directory: /home/kerciu/Desktop/tetris-cpp/build
"TetrisGuiTest.CoordsGetters" start time: Aug 05 14:40 CEST
Output:
----------------------------------------------------------
Note: Google Test filter = TetrisGuiTest.CoordsGetters
[==========] Running 1 test from 1 test suite.
[----------] Global test environment set-up.
[----------] 1 test from TetrisGuiTest
[ RUN      ] TetrisGuiTest.CoordsGetters
[       OK ] TetrisGuiTest.CoordsGetters (107 ms)
[----------] 1 test from TetrisGuiTest (107 ms total)

[----------] Global test environment tear-down
[==========] 1 test from 1 test suite ran. (107 ms total)
[  PASSED  ] 1 test.
<end of output>
Test time =   0.13 sec
----------------------------------------------------------
Test Passed.
"TetrisGuiTest.CoordsGetters" end time: Aug 05 14:40 CEST
"TetrisGuiTest.CoordsGetters" time elapsed: 00:00:00
----------------------------------------------------------

5/25 Testing: TetrisGuiTest.CoordsSetters
5/25 Test: TetrisGuiTest.CoordsSetters
Command: "/home/kerciu/Desktop/tetris-cpp/build/RunTests" "--gtest_filter=TetrisGuiTest.CoordsSetters" "--gtest_also_run_disabled_tests"
Directory: /home/kerciu/Desktop/tetris-cpp/build
"TetrisGuiTest.CoordsSetters" start time: Aug 05 14:40 CEST
Output:
----------------------------------------------------------
Note: Google Test filter = TetrisGuiTest.CoordsSetters
[==========] Running 1 test from 1 test suite.
[----------] Global test environment set-up.
[----------] 1 test from TetrisGuiTest
[ RUN      ] TetrisGuiTest.CoordsSetters
[       OK ] TetrisGuiTest.CoordsSetters (118 ms)
[----------] 1 test from TetrisGuiTest (118 ms total)

[----------] Global test environment tear-down
[==========] 1 test from 1 test suite ran. (118 ms total)
[  PASSED  ] 1 test.
<end of output>
Test time =   0.14 sec
----------------------------------------------------------
Test Passed.
"TetrisGuiTest.CoordsSetters" end time: Aug 05 14:40 CEST
"TetrisGuiTest.CoordsSetters" time elapsed: 00:00:00
----------------------------------------------------------

6/25 Testing: TetrisGuiTest.GridCreation
6/25 Test: TetrisGuiTest.GridCreation
Command: "/home/kerciu/Desktop/tetris-cpp/build/RunTests" "--gtest_filter=TetrisGuiTest.GridCreation" "--gtest_also_run_disabled_tests"
Directory: /home/kerciu/Desktop/tetris-cpp/build
"TetrisGuiTest.GridCreation" start time: Aug 05 14:40 CEST
Output:
----------------------------------------------------------
Note: Google Test filter = TetrisGuiTest.GridCreation
[==========] Running 1 test from 1 test suite.
[----------] Global test environment set-up.
[----------] 1 test from TetrisGuiTest
[ RUN      ] TetrisGuiTest.GridCreation
[       OK ] TetrisGuiTest.GridCreation (113 ms)
[----------] 1 test from TetrisGuiTest (113 ms total)

[----------] Global test environment tear-down
[==========] 1 test from 1 test suite ran. (113 ms total)
[  PASSED  ] 1 test.
<end of output>
Test time =   0.14 sec
----------------------------------------------------------
Test Passed.
"TetrisGuiTest.GridCreation" end time: Aug 05 14:40 CEST
"TetrisGuiTest.GridCreation" time elapsed: 00:00:00
----------------------------------------------------------

7/25 Testing: TetrisGuiTest.GridCreationDistributionGetter
7/25 Test: TetrisGuiTest.GridCreationDistributionGetter
Command: "/home/kerciu/Desktop/tetris-cpp/build/RunTests" "--gtest_filter=TetrisGuiTest.GridCreationDistributionGetter" "--gtest_also_run_disabled_tests"
Directory: /home/kerciu/Desktop/tetris-cpp/build
"TetrisGuiTest.GridCreationDistributionGetter" start time: Aug 05 14:40 CEST
Output:
----------------------------------------------------------
Note: Google Test filter = TetrisGuiTest.GridCreationDistributionGetter
[==========] Running 1 test from 1 test suite.
[----------] Global test environment set-up.
[----------] 1 test from TetrisGuiTest
[ RUN      ] TetrisGuiTest.GridCreationDistributionGetter
[       OK ] TetrisGuiTest.GridCreationDistributionGetter (108 ms)
[----------] 1 test from TetrisGuiTest (108 ms total)

[----------] Global test environment tear-down
[==========] 1 test from 1 test suite ran. (108 ms total)
[  PASSED  ] 1 test.
<end of output>
Test time =   0.13 sec
----------------------------------------------------------
Test Passed.
"TetrisGuiTest.GridCreationDistributionGetter" end time: Aug 05 14:40 CEST
"TetrisGuiTest.GridCreationDistributionGetter" time elapsed: 00:00:00
----------------------------------------------------------

8/25 Testing: TetrisGuiTest.GridCreationDistributionSetter
8/25 Test: TetrisGuiTest.GridCreationDistributionSetter
Command: "/home/kerciu/Desktop/tetris-cpp/build/RunTests" "--gtest_filter=TetrisGuiTest.GridCreationDistributionSetter" "--gtest_also_run_disabled_tests"
Directory: /home/kerciu/Desktop/tetris-cpp/build
"TetrisGuiTest.GridCreationDistributionSetter" start time: Aug 05 14:40 CEST
Output:
----------------------------------------------------------
Note: Google Test filter = TetrisGuiTest.GridCreationDistributionSetter
[==========] Running 1 test from 1 test suite.
[----------] Global test environment set-up.
[----------] 1 test from TetrisGuiTest
[ RUN      ] TetrisGuiTest.GridCreationDistributionSetter
[       OK ] TetrisGuiTest.GridCreationDistributionSetter (162 ms)
[----------] 1 test from TetrisGuiTest (162 ms total)

[----------] Global test environment tear-down
[==========] 1 test from 1 test suite ran. (166 ms total)
[  PASSED  ] 1 test.
<end of output>
Test time =   0.20 sec
----------------------------------------------------------
Test Passed.
"TetrisGuiTest.GridCreationDistributionSetter" end time: Aug 05 14:40 CEST
"TetrisGuiTest.GridCreationDistributionSetter" time elapsed: 00:00:00
----------------------------------------------------------

9/25 Testing: TetrisGuiTest.GridCreationColorGetter
9/25 Test: TetrisGuiTest.GridCreationColorGetter
Command: "/home/kerciu/Desktop/tetris-cpp/build/RunTests" "--gtest_filter=TetrisGuiTest.GridCreationColorGetter" "--gtest_also_run_disabled_tests"
Directory: /home/kerciu/Desktop/tetris-cpp/build
"TetrisGuiTest.GridCreationColorGetter" start time: Aug 05 14:40 CEST
Output:
----------------------------------------------------------
Note: Google Test filter = TetrisGuiTest.GridCreationColorGetter
[==========] Running 1 test from 1 test suite.
[----------] Global test environment set-up.
[----------] 1 test from TetrisGuiTest
[ RUN      ] TetrisGuiTest.GridCreationColorGetter
[       OK ] TetrisGuiTest.GridCreationColorGetter (146 ms)
[----------] 1 test from TetrisGuiTest (146 ms total)

[----------] Global test environment tear-down
[==========] 1 test from 1 test suite ran. (146 ms total)
[  PASSED  ] 1 test.
<end of output>
Test time =   0.17 sec
----------------------------------------------------------
Test Passed.
"TetrisGuiTest.GridCreationColorGetter" end time: Aug 05 14:40 CEST
"TetrisGuiTest.GridCreationColorGetter" time elapsed: 00:00:00
----------------------------------------------------------

10/25 Testing: TetrisGuiTest.GridCreationColorSetter
10/25 Test: TetrisGuiTest.GridCreationColorSetter
Command: "/home/kerciu/Desktop/tetris-cpp/build/RunTests" "--gtest_filter=TetrisGuiTest.GridCreationColorSetter" "--gtest_also_run_disabled_tests"
Directory: /home/kerciu/Desktop/tetris-cpp/build
"TetrisGuiTest.GridCreationColorSetter" start time: Aug 05 14:40 CEST
Output:
----------------------------------------------------------
Note: Google Test filter = TetrisGuiTest.GridCreationColorSetter
[==========] Running 1 test from 1 test suite.
[----------] Global test environment set-up.
[----------] 1 test from TetrisGuiTest
[ RUN      ] TetrisGuiTest.GridCreationColorSetter
[       OK ] TetrisGuiTest.GridCreationColorSetter (100 ms)
[----------] 1 test from TetrisGuiTest (100 ms total)

[----------] Global test environment tear-down
[==========] 1 test from 1 test suite ran. (100 ms total)
[  PASSED  ] 1 test.
<end of output>
Test time =   0.12 sec
----------------------------------------------------------
Test Passed.
"TetrisGuiTest.GridCreationColorSetter" end time: Aug 05 14:40 CEST
"TetrisGuiTest.GridCreationColorSetter" time elapsed: 00:00:00
----------------------------------------------------------

11/25 Testing: TetrisGuiTest.ColorCreationVector
11/25 Test: TetrisGuiTest.ColorCreationVector
Command: "/home/kerciu/Desktop/tetris-cpp/build/RunTests" "--gtest_filter=TetrisGuiTest.ColorCreationVector" "--gtest_also_run_disabled_tests"
Directory: /home/kerciu/Desktop/tetris-cpp/build
"TetrisGuiTest.ColorCreationVector" start time: Aug 05 14:40 CEST
Output:
----------------------------------------------------------
Note: Google Test filter = TetrisGuiTest.ColorCreationVector
[==========] Running 1 test from 1 test suite.
[----------] Global test environment set-up.
[----------] 1 test from TetrisGuiTest
[ RUN      ] TetrisGuiTest.ColorCreationVector
[       OK ] TetrisGuiTest.ColorCreationVector (102 ms)
[----------] 1 test from TetrisGuiTest (102 ms total)

[----------] Global test environment tear-down
[==========] 1 test from 1 test suite ran. (102 ms total)
[  PASSED  ] 1 test.
<end of output>
Test time =   0.12 sec
----------------------------------------------------------
Test Passed.
"TetrisGuiTest.ColorCreationVector" end time: Aug 05 14:40 CEST
"TetrisGuiTest.ColorCreationVector" time elapsed: 00:00:00
----------------------------------------------------------

12/25 Testing: BlockTest.InitialValues
12/25 Test: BlockTest.InitialValues
Command: "/home/kerciu/Desktop/tetris-cpp/build/RunTests" "--gtest_filter=BlockTest.InitialValues" "--gtest_also_run_disabled_tests"
Directory: /home/kerciu/Desktop/tetris-cpp/build
"BlockTest.InitialValues" start time: Aug 05 14:40 CEST
Output:
----------------------------------------------------------
Note: Google Test filter = BlockTest.InitialValues
[==========] Running 1 test from 1 test suite.
[----------] Global test environment set-up.
[----------] 1 test from BlockTest
[ RUN      ] BlockTest.InitialValues
[       OK ] BlockTest.InitialValues (0 ms)
[----------] 1 test from BlockTest (0 ms total)

[----------] Global test environment tear-down
[==========] 1 test from 1 test suite ran. (0 ms total)
[  PASSED  ] 1 test.
<end of output>
Test time =   0.01 sec
----------------------------------------------------------
Test Passed.
"BlockTest.InitialValues" end time: Aug 05 14:40 CEST
"BlockTest.InitialValues" time elapsed: 00:00:00
----------------------------------------------------------

13/25 Testing: BlockTest.SetAndGetBlockId
13/25 Test: BlockTest.SetAndGetBlockId
Command: "/home/kerciu/Desktop/tetris-cpp/build/RunTests" "--gtest_filter=BlockTest.SetAndGetBlockId" "--gtest_also_run_disabled_tests"
Directory: /home/kerciu/Desktop/tetris-cpp/build
"BlockTest.SetAndGetBlockId" start time: Aug 05 14:40 CEST
Output:
----------------------------------------------------------
Note: Google Test filter = BlockTest.SetAndGetBlockId
[==========] Running 1 test from 1 test suite.
[----------] Global test environment set-up.
[----------] 1 test from BlockTest
[ RUN      ] BlockTest.SetAndGetBlockId
[       OK ] BlockTest.SetAndGetBlockId (0 ms)
[----------] 1 test from BlockTest (0 ms total)

[----------] Global test environment tear-down
[==========] 1 test from 1 test suite ran. (0 ms total)
[  PASSED  ] 1 test.
<end of output>
Test time =   0.01 sec
----------------------------------------------------------
Test Passed.
"BlockTest.SetAndGetBlockId" end time: Aug 05 14:40 CEST
"BlockTest.SetAndGetBlockId" time elapsed: 00:00:00
----------------------------------------------------------

14/25 Testing: BlockTest.MoveBlock
14/25 Test: BlockTest.MoveBlock
Command: "/home/kerciu/Desktop/tetris-cpp/build/RunTests" "--gtest_filter=BlockTest.MoveBlock" "--gtest_also_run_disabled_tests"
Directory: /home/kerciu/Desktop/tetris-cpp/build
"BlockTest.MoveBlock" start time: Aug 05 14:40 CEST
Output:
----------------------------------------------------------
Note: Google Test filter = BlockTest.MoveBlock
[==========] Running 1 test from 1 test suite.
[----------] Global test environment set-up.
[----------] 1 test from BlockTest
[ RUN      ] BlockTest.MoveBlock
[       OK ] BlockTest.MoveBlock (0 ms)
[----------] 1 test from BlockTest (0 ms total)

[----------] Global test environment tear-down
[==========] 1 test from 1 test suite ran. (0 ms total)
[  PASSED  ] 1 test.
<end of output>
Test time =   0.01 sec
----------------------------------------------------------
Test Passed.
"BlockTest.MoveBlock" end time: Aug 05 14:40 CEST
"BlockTest.MoveBlock" time elapsed: 00:00:00
----------------------------------------------------------

15/25 Testing: LBlockTest.PositionVectors
15/25 Test: LBlockTest.PositionVectors
Command: "/home/kerciu/Desktop/tetris-cpp/build/RunTests" "--gtest_filter=LBlockTest.PositionVectors" "--gtest_also_run_disabled_tests"
Directory: /home/kerciu/Desktop/tetris-cpp/build
"LBlockTest.PositionVectors" start time: Aug 05 14:40 CEST
Output:
----------------------------------------------------------
Note: Google Test filter = LBlockTest.PositionVectors
[==========] Running 1 test from 1 test suite.
[----------] Global test environment set-up.
[----------] 1 test from LBlockTest
[ RUN      ] LBlockTest.PositionVectors
[       OK ] LBlockTest.PositionVectors (0 ms)
[----------] 1 test from LBlockTest (0 ms total)

[----------] Global test environment tear-down
[==========] 1 test from 1 test suite ran. (0 ms total)
[  PASSED  ] 1 test.
<end of output>
Test time =   0.01 sec
----------------------------------------------------------
Test Passed.
"LBlockTest.PositionVectors" end time: Aug 05 14:40 CEST
"LBlockTest.PositionVectors" time elapsed: 00:00:00
----------------------------------------------------------

16/25 Testing: JBlockTest.PositionVectors
16/25 Test: JBlockTest.PositionVectors
Command: "/home/kerciu/Desktop/tetris-cpp/build/RunTests" "--gtest_filter=JBlockTest.PositionVectors" "--gtest_also_run_disabled_tests"
Directory: /home/kerciu/Desktop/tetris-cpp/build
"JBlockTest.PositionVectors" start time: Aug 05 14:40 CEST
Output:
----------------------------------------------------------
Note: Google Test filter = JBlockTest.PositionVectors
[==========] Running 1 test from 1 test suite.
[----------] Global test environment set-up.
[----------] 1 test from JBlockTest
[ RUN      ] JBlockTest.PositionVectors
[       OK ] JBlockTest.PositionVectors (0 ms)
[----------] 1 test from JBlockTest (0 ms total)

[----------] Global test environment tear-down
[==========] 1 test from 1 test suite ran. (0 ms total)
[  PASSED  ] 1 test.
<end of output>
Test time =   0.01 sec
----------------------------------------------------------
Test Passed.
"JBlockTest.PositionVectors" end time: Aug 05 14:40 CEST
"JBlockTest.PositionVectors" time elapsed: 00:00:00
----------------------------------------------------------

17/25 Testing: IBlockTest.PositionVectors
17/25 Test: IBlockTest.PositionVectors
Command: "/home/kerciu/Desktop/tetris-cpp/build/RunTests" "--gtest_filter=IBlockTest.PositionVectors" "--gtest_also_run_disabled_tests"
Directory: /home/kerciu/Desktop/tetris-cpp/build
"IBlockTest.PositionVectors" start time: Aug 05 14:40 CEST
Output:
----------------------------------------------------------
Note: Google Test filter = IBlockTest.PositionVectors
[==========] Running 1 test from 1 test suite.
[----------] Global test environment set-up.
[----------] 1 test from IBlockTest
[ RUN      ] IBlockTest.PositionVectors
[       OK ] IBlockTest.PositionVectors (0 ms)
[----------] 1 test from IBlockTest (0 ms total)

[----------] Global test environment tear-down
[==========] 1 test from 1 test suite ran. (0 ms total)
[  PASSED  ] 1 test.
<end of output>
Test time =   0.01 sec
----------------------------------------------------------
Test Passed.
"IBlockTest.PositionVectors" end time: Aug 05 14:40 CEST
"IBlockTest.PositionVectors" time elapsed: 00:00:00
----------------------------------------------------------

18/25 Testing: OBlockTest.PositionVectors
18/25 Test: OBlockTest.PositionVectors
Command: "/home/kerciu/Desktop/tetris-cpp/build/RunTests" "--gtest_filter=OBlockTest.PositionVectors" "--gtest_also_run_disabled_tests"
Directory: /home/kerciu/Desktop/tetris-cpp/build
"OBlockTest.PositionVectors" start time: Aug 05 14:40 CEST
Output:
----------------------------------------------------------
Note: Google Test filter = OBlockTest.PositionVectors
[==========] Running 1 test from 1 test suite.
[----------] Global test environment set-up.
[----------] 1 test from OBlockTest
[ RUN      ] OBlockTest.PositionVectors
[       OK ] OBlockTest.PositionVectors (0 ms)
[----------] 1 test from OBlockTest (0 ms total)

[----------] Global test environment tear-down
[==========] 1 test from 1 test suite ran. (0 ms total)
[  PASSED  ] 1 test.
<end of output>
Test time =   0.01 sec
----------------------------------------------------------
Test Passed.
"OBlockTest.PositionVectors" end time: Aug 05 14:40 CEST
"OBlockTest.PositionVectors" time elapsed: 00:00:00
----------------------------------------------------------

19/25 Testing: SBlockTest.PositionVectors
19/25 Test: SBlockTest.PositionVectors
Command: "/home/kerciu/Desktop/tetris-cpp/build/RunTests" "--gtest_filter=SBlockTest.PositionVectors" "--gtest_also_run_disabled_tests"
Directory: /home/kerciu/Desktop/tetris-cpp/build
"SBlockTest.PositionVectors" start time: Aug 05 14:40 CEST
Output:
----------------------------------------------------------
Note: Google Test filter = SBlockTest.PositionVectors
[==========] Running 1 test from 1 test suite.
[----------] Global test environment set-up.
[----------] 1 test from SBlockTest
[ RUN      ] SBlockTest.PositionVectors
[       OK ] SBlockTest.PositionVectors (0 ms)
[----------] 1 test from SBlockTest (0 ms total)

[----------] Global test environment tear-down
[==========] 1 test from 1 test suite ran. (0 ms total)
[  PASSED  ] 1 test.
<end of output>
Test time =   0.01 sec
----------------------------------------------------------
Test Passed.
"SBlockTest.PositionVectors" end time: Aug 05 14:40 CEST
"SBlockTest.PositionVectors" time elapsed: 00:00:00
----------------------------------------------------------

20/25 Testing: TBlockTest.PositionVectors
20/25 Test: TBlockTest.PositionVectors
Command: "/home/kerciu/Desktop/tetris-cpp/build/RunTests" "--gtest_filter=TBlockTest.PositionVectors" "--gtest_also_run_disabled_tests"
Directory: /home/kerciu/Desktop/tetris-cpp/build
"TBlockTest.PositionVectors" start time: Aug 05 14:40 CEST
Output:
----------------------------------------------------------
Note: Google Test filter = TBlockTest.PositionVectors
[==========] Running 1 test from 1 test suite.
[----------] Global test environment set-up.
[----------] 1 test from TBlockTest
[ RUN      ] TBlockTest.PositionVectors
[       OK ] TBlockTest.PositionVectors (0 ms)
[----------] 1 test from TBlockTest (0 ms total)

[----------] Global test environment tear-down
[==========] 1 test from 1 test suite ran. (0 ms total)
[  PASSED  ] 1 test.
<end of output>
Test time =   0.01 sec
----------------------------------------------------------
Test Passed.
"TBlockTest.PositionVectors" end time: Aug 05 14:40 CEST
"TBlockTest.PositionVectors" time elapsed: 00:00:00
----------------------------------------------------------

21/25 Testing: ZBlockTest.PositionVectors
21/25 Test: ZBlockTest.PositionVectors
Command: "/home/kerciu/Desktop/tetris-cpp/build/RunTests" "--gtest_filter=ZBlockTest.PositionVectors" "--gtest_also_run_disabled_tests"
Directory: /home/kerciu/Desktop/tetris-cpp/build
"ZBlockTest.PositionVectors" start time: Aug 05 14:40 CEST
Output:
----------------------------------------------------------
Note: Google Test filter = ZBlockTest.PositionVectors
[==========] Running 1 test from 1 test suite.
[----------] Global test environment set-up.
[----------] 1 test from ZBlockTest
[ RUN      ] ZBlockTest.PositionVectors
[       OK ] ZBlockTest.PositionVectors (0 ms)
[----------] 1 test from ZBlockTest (0 ms total)

[----------] Global test environment tear-down
[==========] 1 test from 1 test suite ran. (0 ms total)
[  PASSED  ] 1 test.
<end of output>
Test time =   0.01 sec
----------------------------------------------------------
Test Passed.
"ZBlockTest.PositionVectors" end time: Aug 05 14:40 CEST
"ZBlockTest.PositionVectors" time elapsed: 00:00:00
----------------------------------------------------------

22/25 Testing: BlockCloneTest.CloneIsUnique
22/25 Test: BlockCloneTest.CloneIsUnique
Command: "/home/kerciu/Desktop/tetris-cpp/build/RunTests" "--gtest_filter=BlockCloneTest.CloneIsUnique" "--gtest_also_run_disabled_tests"
Directory: /home/kerciu/Desktop/tetris-cpp/build
"BlockCloneTest.CloneIsUnique" start time: Aug 05 14:40 CEST
Output:
----------------------------------------------------------
Note: Google Test filter = BlockCloneTest.CloneIsUnique
[==========] Running 1 test from 1 test suite.
[----------] Global test environment set-up.
[----------] 1 test from BlockCloneTest
[ RUN      ] BlockCloneTest.CloneIsUnique
[       OK ] BlockCloneTest.CloneIsUnique (0 ms)
[----------] 1 test from BlockCloneTest (0 ms total)

[----------] Global test environment tear-down
[==========] 1 test from 1 test suite ran. (0 ms total)
[  PASSED  ] 1 test.
<end of output>
Test time =   0.01 sec
----------------------------------------------------------
Test Passed.
"BlockCloneTest.CloneIsUnique" end time: Aug 05 14:40 CEST
"BlockCloneTest.CloneIsUnique" time elapsed: 00:00:00
----------------------------------------------------------

23/25 Testing: GameTest.Constructor
23/25 Test: GameTest.Constructor
Command: "/home/kerciu/Desktop/tetris-cpp/build/RunTests" "--gtest_filter=GameTest.Constructor" "--gtest_also_run_disabled_tests"
Directory: /home/kerciu/Desktop/tetris-cpp/build
"GameTest.Constructor" start time: Aug 05 14:40 CEST
Output:
----------------------------------------------------------
Note: Google Test filter = GameTest.Constructor
[==========] Running 1 test from 1 test suite.
[----------] Global test environment set-up.
[----------] 1 test from GameTest
[ RUN      ] GameTest.Constructor
[       OK ] GameTest.Constructor (64 ms)
[----------] 1 test from GameTest (64 ms total)

[----------] Global test environment tear-down
[==========] 1 test from 1 test suite ran. (64 ms total)
[  PASSED  ] 1 test.
<end of output>
Test time =   0.08 sec
----------------------------------------------------------
Test Passed.
"GameTest.Constructor" end time: Aug 05 14:40 CEST
"GameTest.Constructor" time elapsed: 00:00:00
----------------------------------------------------------

24/25 Testing: GameTest.GetSetGrid
24/25 Test: GameTest.GetSetGrid
Command: "/home/kerciu/Desktop/tetris-cpp/build/RunTests" "--gtest_filter=GameTest.GetSetGrid" "--gtest_also_run_disabled_tests"
Directory: /home/kerciu/Desktop/tetris-cpp/build
"GameTest.GetSetGrid" start time: Aug 05 14:40 CEST
Output:
----------------------------------------------------------
Note: Google Test filter = GameTest.GetSetGrid
[==========] Running 1 test from 1 test suite.
[----------] Global test environment set-up.
[----------] 1 test from GameTest
[ RUN      ] GameTest.GetSetGrid
[       OK ] GameTest.GetSetGrid (47 ms)
[----------] 1 test from GameTest (47 ms total)

[----------] Global test environment tear-down
[==========] 1 test from 1 test suite ran. (47 ms total)
[  PASSED  ] 1 test.
<end of output>
Test time =   0.06 sec
----------------------------------------------------------
Test Passed.
"GameTest.GetSetGrid" end time: Aug 05 14:40 CEST
"GameTest.GetSetGrid" time elapsed: 00:00:00
----------------------------------------------------------

25/25 Testing: GameTest.GetSetBlocks
25/25 Test: GameTest.GetSetBlocks
Command: "/home/kerciu/Desktop/tetris-cpp/build/RunTests" "--gtest_filter=GameTest.GetSetBlocks" "--gtest_also_run_disabled_tests"
Directory: /home/kerciu/Desktop/tetris-cpp/build
"GameTest.GetSetBlocks" start time: Aug 05 14:40 CEST
Output:
----------------------------------------------------------
Note: Google Test filter = GameTest.GetSetBlocks
[==========] Running 1 test from 1 test suite.
[----------] Global test environment set-up.
[----------] 1 test from GameTest
[ RUN      ] GameTest.GetSetBlocks
[       OK ] GameTest.GetSetBlocks (49 ms)
[----------] 1 test from GameTest (49 ms total)

[----------] Global test environment tear-down
[==========] 1 test from 1 test suite ran. (49 ms total)
[  PASSED  ] 1 test.
<end of output>
Test time =   0.06 sec
----------------------------------------------------------
Test Passed.
"GameTest.GetSetBlocks" end time: Aug 05 14:40 CEST
"GameTest.GetSetBlocks" time elapsed: 00:00:00
----------------------------------------------------------

End testing: Aug 05 14:40 CEST
